Mon Dec 19 20:40:55 2016(247)-> ProtectionMerge: postponing merge until first XPC message for CPU boost
Tue Dec 20 15:34:41 2016(338)-> ProtectionMerge: postponing merge until first XPC message for CPU boost
Wed Dec 21 18:50:23 2016(313)-> ProtectionMerge: postponing merge until first XPC message for CPU boost
Fri Dec 30 15:07:09 2016(340)-> ProtectionMerge: postponing merge until first XPC message for CPU boost
Fri Dec 30 15:10:21 2016(320)-> ProtectionMerge: postponing merge until first XPC message for CPU boost
Fri Dec 30 17:01:42 2016(348)-> ProtectionMerge: postponing merge until first XPC message for CPU boost
Sat Dec 31 21:50:13 2016(343)-> ProtectionMerge: postponing merge until first XPC message for CPU boost
Sun Jan  1 12:18:58 2017(352)-> ProtectionMerge: postponing merge until first XPC message for CPU boost
Sun Jan  1 17:46:07 2017(346)-> ProtectionMerge: postponing merge until first XPC message for CPU boost
Sun Feb 12 10:41:41 2017(326)-> ProtectionMerge: postponing merge until first XPC message for CPU boost
Tue Mar  7 20:29:26 2017(339)-> ProtectionMerge: postponing merge until first XPC message for CPU boost
Tue Mar  7 20:44:05 2017(320)-> ProtectionMerge: postponing merge until first XPC message for CPU boost
Wed Mar  8 16:59:01 2017(319)-> ProtectionMerge: postponing merge until first XPC message for CPU boost
Sat Mar 11 19:52:07 2017(290)-> ProtectionMerge: postponing merge until first XPC message for CPU boost
Sat Mar 11 22:08:16 2017(367)-> ProtectionMerge: postponing merge until first XPC message for CPU boost
Sun Mar 12 18:21:45 2017(329)-> ProtectionMerge: postponing merge until first XPC message for CPU boost
Mon Mar 13 17:49:17 2017(365)-> ProtectionMerge: postponing merge until first XPC message for CPU boost
Mon Mar 13 19:28:50 2017(362)-> ProtectionMerge: postponing merge until first XPC message for CPU boost
Sat Mar 18 14:11:46 2017(336)-> ProtectionMerge: postponing merge until first XPC message for CPU boost
Sun Mar 19 13:21:47 2017(357)-> ProtectionMerge: postponing merge until first XPC message for CPU boost
Sun Mar 19 20:13:18 2017(354)-> ProtectionMerge: postponing merge until first XPC message for CPU boost
Sun Mar 19 20:25:44 2017(334)-> ProtectionMerge: postponing merge until first XPC message for CPU boost
Mon Mar 20 08:57:48 2017(320)-> ProtectionMerge: postponing merge until first XPC message for CPU boost
Mon Mar 20 12:22:14 2017(325)-> ProtectionMerge: postponing merge until first XPC message for CPU boost
Mon Mar 20 14:06:33 2017(307)-> ProtectionMerge: postponing merge until first XPC message for CPU boost
Mon Mar 20 20:03:17 2017(332)-> ProtectionMerge: postponing merge until first XPC message for CPU boost
Tue Mar 21 15:24:07 2017(328)-> ProtectionMerge: postponing merge until first XPC message for CPU boost
Wed Mar 22 15:16:49 2017(322)-> ProtectionMerge: postponing merge until first XPC message for CPU boost
Wed Mar 22 15:47:57 2017(318)-> ProtectionMerge: postponing merge until first XPC message for CPU boost
Wed Mar 22 16:18:51 2017(333)-> ProtectionMerge: postponing merge until first XPC message for CPU boost
Wed Mar 22 16:47:42 2017(350)-> ProtectionMerge: postponing merge until first XPC message for CPU boost
Wed Mar 22 17:04:57 2017(326)-> ProtectionMerge: postponing merge until first XPC message for CPU boost
Wed Mar 22 19:25:39 2017(336)-> ProtectionMerge: postponing merge until first XPC message for CPU boost
Thu Mar 23 16:19:26 2017(349)-> ProtectionMerge: postponing merge until first XPC message for CPU boost
Thu Mar 23 17:58:24 2017(343)-> ProtectionMerge: postponing merge until first XPC message for CPU boost
Fri Mar 24 05:48:10 2017(330)-> ProtectionMerge: postponing merge until first XPC message for CPU boost
Fri Mar 24 16:23:46 2017(308)-> ProtectionMerge: postponing merge until first XPC message for CPU boost
Sun Mar 26 11:44:58 2017(344)-> ProtectionMerge: postponing merge until first XPC message for CPU boost
Mon Mar 27 18:23:48 2017(319)-> ProtectionMerge: postponing merge until first XPC message for CPU boost
Tue Mar 28 17:54:22 2017(332)-> ProtectionMerge: postponing merge until first XPC message for CPU boost
Tue Mar 28 18:19:28 2017(317)-> ProtectionMerge: postponing merge until first XPC message for CPU boost
Tue Mar 28 20:35:52 2017(341)-> ProtectionMerge: postponing merge until first XPC message for CPU boost
Wed Mar 29 06:18:20 2017(342)-> ProtectionMerge: postponing merge until first XPC message for CPU boost
Wed Mar 29 16:32:48 2017(307)-> ProtectionMerge: postponing merge until first XPC message for CPU boost
Wed Mar 29 18:03:12 2017(320)-> ProtectionMerge: postponing merge until first XPC message for CPU boost
Thu Mar 30 06:13:13 2017(301)-> ProtectionMerge: postponing merge until first XPC message for CPU boost
Fri Mar 31 09:03:32 2017(321)-> ProtectionMerge: postponing merge until first XPC message for CPU boost
Fri Mar 31 12:08:28 2017(370)-> ProtectionMerge: postponing merge until first XPC message for CPU boost
Sun Apr  2 09:46:58 2017(342)-> ProtectionMerge: postponing merge until first XPC message for CPU boost
Sun Apr  2 11:35:57 2017(342)-> ProtectionMerge: postponing merge until first XPC message for CPU boost
Sun Apr  2 14:07:34 2017(324)-> ProtectionMerge: postponing merge until first XPC message for CPU boost
Sun Apr  2 16:18:39 2017(315)-> ProtectionMerge: postponing merge until first XPC message for CPU boost
Sun Apr  2 19:56:13 2017(326)-> ProtectionMerge: postponing merge until first XPC message for CPU boost
Mon Apr  3 06:56:36 2017(322)-> ProtectionMerge: postponing merge until first XPC message for CPU boost
Tue Apr  4 17:22:53 2017(332)-> ProtectionMerge: postponing merge until first XPC message for CPU boost
Wed Apr  5 20:54:34 2017(287)-> ProtectionMerge: postponing merge until first XPC message for CPU boost
Thu Apr  6 15:37:06 2017(342)-> ProtectionMerge: postponing merge until first XPC message for CPU boost
Fri Apr  7 06:29:45 2017(321)-> ProtectionMerge: postponing merge until first XPC message for CPU boost
Fri Apr  7 17:54:56 2017(324)-> ProtectionMerge: postponing merge until first XPC message for CPU boost
Sat Apr  8 12:11:29 2017(344)-> ProtectionMerge: postponing merge until first XPC message for CPU boost
Sun Apr  9 17:36:07 2017(335)-> ProtectionMerge: postponing merge until first XPC message for CPU boost
Sun Apr  9 19:09:46 2017(335)-> ProtectionMerge: postponing merge until first XPC message for CPU boost
Mon Apr 10 13:42:28 2017(344)-> ProtectionMerge: postponing merge until first XPC message for CPU boost
Mon Apr 10 19:44:28 2017(329)-> ProtectionMerge: postponing merge until first XPC message for CPU boost
Mon Apr 24 11:14:58 2017(342)-> ProtectionMerge: postponing merge until first XPC message for CPU boost
Mon Apr 24 15:09:49 2017(309)-> ProtectionMerge: postponing merge until first XPC message for CPU boost
Tue Apr 25 06:51:43 2017(334)-> ProtectionMerge: postponing merge until first XPC message for CPU boost
Tue Apr 25 16:18:19 2017(336)-> ProtectionMerge: postponing merge until first XPC message for CPU boost
Tue Apr 25 21:28:39 2017(334)-> ProtectionMerge: postponing merge until first XPC message for CPU boost
Tue Apr 25 22:09:55 2017(335)-> ProtectionMerge: postponing merge until first XPC message for CPU boost
Wed Apr 26 07:03:56 2017(343)-> ProtectionMerge: postponing merge until first XPC message for CPU boost
Wed Apr 26 14:56:30 2017(342)-> ProtectionMerge: postponing merge until first XPC message for CPU boost
Wed Apr 26 16:15:29 2017(335)-> ProtectionMerge: postponing merge until first XPC message for CPU boost
Wed Apr 26 16:42:39 2017(335)-> ProtectionMerge: postponing merge until first XPC message for CPU boost
Wed Apr 26 17:15:44 2017(347)-> ProtectionMerge: postponing merge until first XPC message for CPU boost
Wed Apr 26 17:35:35 2017(341)-> ProtectionMerge: postponing merge until first XPC message for CPU boost
Wed Apr 26 17:43:51 2017(332)-> ProtectionMerge: postponing merge until first XPC message for CPU boost
Wed Apr 26 17:51:47 2017(339)-> ProtectionMerge: postponing merge until first XPC message for CPU boost
Thu Apr 27 06:10:21 2017(319)-> ProtectionMerge: postponing merge until first XPC message for CPU boost
Thu Apr 27 17:20:32 2017(333)-> ProtectionMerge: postponing merge until first XPC message for CPU boost
Thu Apr 27 21:53:09 2017(332)-> ProtectionMerge: postponing merge until first XPC message for CPU boost
Fri Apr 28 20:27:51 2017(323)-> ProtectionMerge: postponing merge until first XPC message for CPU boost
Sat Apr 29 13:33:17 2017(319)-> ProtectionMerge: postponing merge until first XPC message for CPU boost
Sat Apr 29 14:50:48 2017(340)-> ProtectionMerge: postponing merge until first XPC message for CPU boost
Sat Apr 29 21:27:21 2017(323)-> ProtectionMerge: postponing merge until first XPC message for CPU boost
Sun Apr 30 15:44:24 2017(340)-> ProtectionMerge: postponing merge until first XPC message for CPU boost
Sun Apr 30 17:24:38 2017(309)-> ProtectionMerge: postponing merge until first XPC message for CPU boost
Sun Apr 30 19:17:23 2017(310)-> ProtectionMerge: postponing merge until first XPC message for CPU boost
Sun Apr 30 20:01:05 2017(312)-> ProtectionMerge: postponing merge until first XPC message for CPU boost
Sun Apr 30 20:57:17 2017(340)-> ProtectionMerge: postponing merge until first XPC message for CPU boost
Mon May  1 13:58:10 2017(336)-> ProtectionMerge: postponing merge until first XPC message for CPU boost
Mon May  1 14:12:27 2017(317)-> ProtectionMerge: postponing merge until first XPC message for CPU boost
Mon May  1 15:34:55 2017(333)-> ProtectionMerge: postponing merge until first XPC message for CPU boost
Sun May  7 16:12:01 2017(335)-> ProtectionMerge: postponing merge until first XPC message for CPU boost
Sun May  7 19:28:36 2017(336)-> ProtectionMerge: postponing merge until first XPC message for CPU boost
Tue May  9 06:17:59 2017(339)-> ProtectionMerge: postponing merge until first XPC message for CPU boost
Wed May 10 06:54:01 2017(339)-> ProtectionMerge: postponing merge until first XPC message for CPU boost
Thu May 11 14:24:41 2017(348)-> ProtectionMerge: postponing merge until first XPC message for CPU boost
Thu May 11 22:03:55 2017(340)-> ProtectionMerge: postponing merge until first XPC message for CPU boost
Fri May 12 02:18:25 2017(299)-> ProtectionMerge: postponing merge until first XPC message for CPU boost
Sat May 13 13:31:41 2017(347)-> ProtectionMerge: postponing merge until first XPC message for CPU boost
Sun May 14 08:06:11 2017(335)-> ProtectionMerge: postponing merge until first XPC message for CPU boost
Sun May 14 10:08:13 2017(335)-> ProtectionMerge: postponing merge until first XPC message for CPU boost
Sun May 14 21:47:08 2017(334)-> ProtectionMerge: postponing merge until first XPC message for CPU boost
Sun May 14 23:45:23 2017(340)-> ProtectionMerge: postponing merge until first XPC message for CPU boost
Mon May 15 08:11:19 2017(333)-> ProtectionMerge: postponing merge until first XPC message for CPU boost
Mon May 15 22:38:15 2017(335)-> ProtectionMerge: postponing merge until first XPC message for CPU boost
Thu May 18 14:56:33 2017(315)-> ProtectionMerge: postponing merge until first XPC message for CPU boost
Fri May 19 19:00:41 2017(341)-> ProtectionMerge: postponing merge until first XPC message for CPU boost
Sat May 20 09:13:26 2017(353)-> ProtectionMerge: postponing merge until first XPC message for CPU boost
Sun May 21 09:52:55 2017(315)-> ProtectionMerge: postponing merge until first XPC message for CPU boost
Sun May 21 21:21:00 2017(351)-> ProtectionMerge: postponing merge until first XPC message for CPU boost
Tue May 23 19:22:05 2017(332)-> ProtectionMerge: postponing merge until first XPC message for CPU boost
Wed May 24 20:13:51 2017(343)-> ProtectionMerge: postponing merge until first XPC message for CPU boost
Thu May 25 22:40:47 2017(349)-> ProtectionMerge: postponing merge until first XPC message for CPU boost
Fri May 26 16:00:58 2017(343)-> ProtectionMerge: postponing merge until first XPC message for CPU boost
Sat May 27 09:02:56 2017(306)-> ProtectionMerge: postponing merge until first XPC message for CPU boost
Sun May 28 23:16:14 2017(324)-> ProtectionMerge: postponing merge until first XPC message for CPU boost
Sun May 28 23:32:35 2017(344)-> ProtectionMerge: postponing merge until first XPC message for CPU boost
Tue May 30 20:25:51 2017(342)-> ProtectionMerge: postponing merge until first XPC message for CPU boost
Wed May 31 06:04:07 2017(348)-> ProtectionMerge: postponing merge until first XPC message for CPU boost
Wed May 31 17:58:32 2017(317)-> ProtectionMerge: postponing merge until first XPC message for CPU boost
Thu Jun  1 07:09:13 2017(347)-> ProtectionMerge: postponing merge until first XPC message for CPU boost
Thu Jun  1 14:56:44 2017(315)-> ProtectionMerge: postponing merge until first XPC message for CPU boost
Thu Jun  1 21:00:43 2017(315)-> ProtectionMerge: postponing merge until first XPC message for CPU boost
Fri Jun  2 18:52:52 2017(350)-> ProtectionMerge: postponing merge until first XPC message for CPU boost
Fri Jun  2 18:56:48 2017(326)-> ProtectionMerge: postponing merge until first XPC message for CPU boost
Sun Jun  4 11:24:54 2017(353)-> ProtectionMerge: postponing merge until first XPC message for CPU boost
Sun Jun  4 22:08:27 2017(306)-> ProtectionMerge: postponing merge until first XPC message for CPU boost
Fri Jun  9 22:11:54 2017(317)-> ProtectionMerge: postponing merge until first XPC message for CPU boost
Sat Jun 24 10:19:15 2017(336)-> ProtectionMerge: postponing merge until first XPC message for CPU boost
Sat Jun 24 11:01:13 2017(353)-> ProtectionMerge: postponing merge until first XPC message for CPU boost
Wed Jul  5 22:44:47 2017(324)-> ProtectionMerge: postponing merge until first XPC message for CPU boost
Sat Jul  8 10:36:05 2017(321)-> ProtectionMerge: postponing merge until first XPC message for CPU boost
