2017-05-12 02:24:36.851 (com.apple.lithium.client.library) RDLibraryUpgrader.m:99 Upgrading library [/Users/user/Pictures/Fototeca de Fotos.photoslibrary] from 2405 to 2622
2017-05-12 02:24:36.879 (com.apple.lithium.client.library) RDLibraryUpgradeBaseAction.m:599 Starting  upgrade component: RDLibraryUpgrader
2017-05-12 02:24:36.899 (com.apple.root.default-qos) RDLibraryUpgradeBaseAction.m:599 Starting  upgrade component: RDLibraryUpgradeIncrementalAction_2599_2600
2017-05-12 02:24:36.900 (com.apple.root.default-qos) RDLibraryUpgradeBaseAction.m:599 Starting  upgrade component: RDLibraryParentIdentifierMediaMigrationPhase
2017-05-12 02:24:36.907 (com.apple.root.default-qos) RDLibraryUpgradeBaseAction.m:624 Completed upgrade component: RDLibraryParentIdentifierMediaMigrationPhase (0.006875 sec, VM: 2537.4MB RSS: 65.9MB MRSS: 65.9MB) progress: 80/80 (100.00 %)
2017-05-12 02:24:36.907 (com.apple.root.default-qos) RDLibraryUpgradeBaseAction.m:624 Completed upgrade component: RDLibraryUpgradeIncrementalAction_2599_2600 (0.008097 sec, VM: 2537.4MB RSS: 65.9MB MRSS: 65.9MB) progress: 80/383 (20.89 %)
2017-05-12 02:24:36.907 (com.apple.root.default-qos) RDLibraryUpgradeBaseAction.m:599 Starting  upgrade component: RDLibraryUpgradeIncrementalAction_2600_2601
2017-05-12 02:24:36.909 (com.apple.root.default-qos) RDLibraryUpgradeBaseAction.m:624 Completed upgrade component: RDLibraryUpgradeIncrementalAction_2600_2601 (0.001455 sec, VM: 2537.4MB RSS: 65.9MB MRSS: 65.9MB) progress: 160/383 (41.78 %)
2017-05-12 02:24:36.909 (com.apple.root.default-qos) RDLibraryUpgradeBaseAction.m:599 Starting  upgrade component: RDLibraryUpgradeIncrementalAction_2602_2603
2017-05-12 02:24:36.914 (com.apple.root.default-qos) RDLibraryUpgradeBaseAction.m:624 Completed upgrade component: RDLibraryUpgradeIncrementalAction_2602_2603 (0.005436 sec, VM: 2537.4MB RSS: 65.9MB MRSS: 65.9MB) progress: 170/383 (44.39 %)
2017-05-12 02:24:36.915 (com.apple.root.default-qos) RDLibraryUpgradeBaseAction.m:599 Starting  upgrade component: RDLibraryUpgradeIncrementalAction_2603_2604
2017-05-12 02:24:36.915 (com.apple.root.default-qos) RDLibraryUpgradeBaseAction.m:624 Completed upgrade component: RDLibraryUpgradeIncrementalAction_2603_2604 (0.000501 sec, VM: 2537.4MB RSS: 65.9MB MRSS: 65.9MB) progress: 175/383 (45.69 %)
2017-05-12 02:24:36.915 (com.apple.root.default-qos) RDLibraryUpgradeBaseAction.m:599 Starting  upgrade component: RDLibraryUpgradeIncrementalAction_2604_2605
2017-05-12 02:24:36.915 (com.apple.root.default-qos) RDLibraryUpgradePhotos_2_0_0_IncrementalAction.m:1613 Resetting face analysis state worker flags
2017-05-12 02:24:36.916 (com.apple.root.default-qos) RDLibraryUpgradeBaseAction.m:624 Completed upgrade component: RDLibraryUpgradeIncrementalAction_2604_2605 (0.000579 sec, VM: 2537.4MB RSS: 65.9MB MRSS: 65.9MB) progress: 180/383 (47.00 %)
2017-05-12 02:24:36.916 (com.apple.root.default-qos) RDLibraryUpgradeBaseAction.m:599 Starting  upgrade component: RDLibraryUpgradeIncrementalAction_2607_2608
2017-05-12 02:24:36.916 (com.apple.root.default-qos) RDLibraryUpgradeBaseAction.m:599 Starting  upgrade component: RDLibraryPersonContactPhase
2017-05-12 02:24:36.984 (com.apple.root.default-qos) RDLibraryUpgradeBaseAction.m:624 Completed upgrade component: RDLibraryPersonContactPhase (0.067595 sec, VM: 2537.4MB RSS: 66.0MB MRSS: 66.0MB) progress: 5/5 (100.00 %)
2017-05-12 02:24:36.984 (com.apple.root.default-qos) RDLibraryUpgradeBaseAction.m:624 Completed upgrade component: RDLibraryUpgradeIncrementalAction_2607_2608 (0.068066 sec, VM: 2537.4MB RSS: 66.0MB MRSS: 66.0MB) progress: 185/383 (48.30 %)
2017-05-12 02:24:36.984 (com.apple.root.default-qos) RDLibraryUpgradeBaseAction.m:599 Starting  upgrade component: RDLibraryUpgradeIncrementalAction_2609_2610
2017-05-12 02:24:36.984 (com.apple.root.default-qos) RDLibraryUpgradeBaseAction.m:624 Completed upgrade component: RDLibraryUpgradeIncrementalAction_2609_2610 (0.000108 sec, VM: 2537.4MB RSS: 66.0MB MRSS: 66.0MB) progress: 235/383 (61.36 %)
2017-05-12 02:24:36.984 (com.apple.root.default-qos) RDLibraryUpgradeBaseAction.m:599 Starting  upgrade component: RDLibraryUpgradeIncrementalAction_2610_2611
2017-05-12 02:24:36.985 (com.apple.root.default-qos) RDLibraryUpgradeBaseAction.m:599 Starting  upgrade component: RDLibraryPersonDedupePhase
2017-05-12 02:24:36.991 (com.apple.root.default-qos) RDLibraryUpgradeBaseAction.m:624 Completed upgrade component: RDLibraryPersonDedupePhase (0.006549 sec, VM: 2537.4MB RSS: 66.0MB MRSS: 66.0MB) progress: 50/50 (100.00 %)
2017-05-12 02:24:36.991 (com.apple.root.default-qos) RDLibraryUpgradeBaseAction.m:624 Completed upgrade component: RDLibraryUpgradeIncrementalAction_2610_2611 (0.006980 sec, VM: 2537.4MB RSS: 66.0MB MRSS: 66.0MB) progress: 285/383 (74.41 %)
2017-05-12 02:24:36.992 (com.apple.root.default-qos) RDLibraryUpgradeBaseAction.m:599 Starting  upgrade component: RDLibraryUpgradeIncrementalAction_2612_2613
2017-05-12 02:24:36.992 (com.apple.root.default-qos) RDLibraryUpgradeBaseAction.m:599 Starting  upgrade component: RDLibraryRepresentativeFaceFixupPhase
2017-05-12 02:24:36.994 (com.apple.root.default-qos) RDLibraryUpgradeBaseAction.m:624 Completed upgrade component: RDLibraryRepresentativeFaceFixupPhase (0.002527 sec, VM: 2537.4MB RSS: 66.0MB MRSS: 66.0MB) progress: 15/15 (100.00 %)
2017-05-12 02:24:36.995 (com.apple.root.default-qos) RDLibraryUpgradeBaseAction.m:624 Completed upgrade component: RDLibraryUpgradeIncrementalAction_2612_2613 (0.002879 sec, VM: 2537.4MB RSS: 66.0MB MRSS: 66.0MB) progress: 300/383 (78.33 %)
2017-05-12 02:24:36.995 (com.apple.root.default-qos) RDLibraryUpgradeBaseAction.m:599 Starting  upgrade component: RDLibraryUpgradeIncrementalAction_2614_2615
2017-05-12 02:24:36.995 (com.apple.root.default-qos) RDLibraryUpgradeBaseAction.m:624 Completed upgrade component: RDLibraryUpgradeIncrementalAction_2614_2615 (0.000109 sec, VM: 2537.4MB RSS: 66.0MB MRSS: 66.0MB) progress: 305/383 (79.63 %)
2017-05-12 02:24:36.995 (com.apple.root.default-qos) RDLibraryUpgradeBaseAction.m:599 Starting  upgrade component: RDLibraryUpgradeIncrementalAction_2615_2616
2017-05-12 02:24:36.995 (com.apple.root.default-qos) RDLibraryUpgradeBaseAction.m:599 Starting  upgrade component: RDLibraryFaceTypePhase
2017-05-12 02:24:36.997 (com.apple.root.default-qos) RDLibraryUpgradeBaseAction.m:624 Completed upgrade component: RDLibraryFaceTypePhase (0.001773 sec, VM: 2537.4MB RSS: 66.0MB MRSS: 66.0MB) progress: 50/50 (100.00 %)
2017-05-12 02:24:36.997 (com.apple.root.default-qos) RDLibraryUpgradeBaseAction.m:624 Completed upgrade component: RDLibraryUpgradeIncrementalAction_2615_2616 (0.002118 sec, VM: 2537.4MB RSS: 66.0MB MRSS: 66.0MB) progress: 355/383 (92.69 %)
2017-05-12 02:24:36.997 (com.apple.root.default-qos) RDLibraryUpgradeBaseAction.m:599 Starting  upgrade component: RDLibraryUpgradeIncrementalAction_2616_2617
2017-05-12 02:24:36.997 (com.apple.root.default-qos) RDLibraryUpgradeBaseAction.m:624 Completed upgrade component: RDLibraryUpgradeIncrementalAction_2616_2617 (0.000107 sec, VM: 2537.4MB RSS: 66.0MB MRSS: 66.0MB) progress: 360/383 (93.99 %)
2017-05-12 02:24:36.997 (com.apple.root.default-qos) RDLibraryUpgradeBaseAction.m:599 Starting  upgrade component: RDLibraryUpgradeIncrementalAction_2617_2618
2017-05-12 02:24:36.998 (com.apple.root.default-qos) RDLibraryUpgradeBaseAction.m:599 Starting  upgrade component: RDLibraryMediaPropertiesFixupPhase
2017-05-12 02:24:36.999 (com.apple.root.default-qos) RDLibraryUpgradeBaseAction.m:624 Completed upgrade component: RDLibraryMediaPropertiesFixupPhase (0.001171 sec, VM: 2537.4MB RSS: 66.1MB MRSS: 66.1MB) progress: 10/10 (100.00 %)
2017-05-12 02:24:36.999 (com.apple.root.default-qos) RDLibraryUpgradeBaseAction.m:624 Completed upgrade component: RDLibraryUpgradeIncrementalAction_2617_2618 (0.001530 sec, VM: 2537.4MB RSS: 66.1MB MRSS: 66.1MB) progress: 370/383 (96.61 %)
2017-05-12 02:24:36.999 (com.apple.root.default-qos) RDLibraryUpgradeBaseAction.m:599 Starting  upgrade component: RDLibraryUpgradeIncrementalAction_2618_2619
2017-05-12 02:24:37.000 (com.apple.root.default-qos) RDLibraryUpgradeBaseAction.m:624 Completed upgrade component: RDLibraryUpgradeIncrementalAction_2618_2619 (0.001290 sec, VM: 2537.4MB RSS: 66.1MB MRSS: 66.1MB) progress: 371/383 (96.87 %)
2017-05-12 02:24:37.000 (com.apple.root.default-qos) RDLibraryUpgradeBaseAction.m:599 Starting  upgrade component: RDLibraryUpgradeIncrementalAction_2619_2620
2017-05-12 02:24:37.008 (com.apple.root.default-qos) RDLibraryUpgradeBaseAction.m:624 Completed upgrade component: RDLibraryUpgradeIncrementalAction_2619_2620 (0.007088 sec, VM: 2537.4MB RSS: 66.3MB MRSS: 66.3MB) progress: 381/383 (99.48 %)
2017-05-12 02:24:37.008 (com.apple.root.default-qos) RDLibraryUpgradeBaseAction.m:599 Starting  upgrade component: RDLibraryUpgradeIncrementalAction_2620_2621
2017-05-12 02:24:37.008 (com.apple.root.default-qos) RDLibraryUpgradeBaseAction.m:624 Completed upgrade component: RDLibraryUpgradeIncrementalAction_2620_2621 (0.000522 sec, VM: 2537.4MB RSS: 66.3MB MRSS: 66.3MB) progress: 382/383 (99.74 %)
2017-05-12 02:24:37.008 (com.apple.root.default-qos) RDLibraryUpgradeBaseAction.m:599 Starting  upgrade component: RDLibraryUpgradeIncrementalAction_2621_2622
2017-05-12 02:24:37.009 (com.apple.root.default-qos) RDLibraryUpgradeBaseAction.m:624 Completed upgrade component: RDLibraryUpgradeIncrementalAction_2621_2622 (0.000473 sec, VM: 2537.4MB RSS: 66.3MB MRSS: 66.3MB) progress: 383/383 (100.00 %)
2017-05-12 02:24:37.009 (com.apple.root.default-qos) RDLibraryUpgradeBaseAction.m:599 Starting  upgrade component: RDLibraryRepair
2017-05-12 02:24:37.038 (com.apple.root.default-qos) RDLibraryUpgradeBaseAction.m:624 Completed upgrade component: RDLibraryRepair (0.029089 sec, VM: 2537.4MB RSS: 66.5MB MRSS: 66.5MB) progress: 65/100 (65.00 %)
2017-05-12 02:24:37.039 (com.apple.root.default-qos) RDLibraryUpgradeBaseAction.m:599 Starting  upgrade component: LibrarySnapshot
2017-05-12 02:24:37.168 (com.apple.lithium.requestconcurrencylimiter) RDLibraryUpgradeBaseAction.m:624 Completed upgrade component: LibrarySnapshot (0.129099 sec, VM: 2537.4MB RSS: 66.5MB MRSS: 66.5MB) progress: 78/100 (78.00 %)
2017-05-12 02:24:37.168 (com.apple.root.default-qos) RDLibraryUpgradeBaseAction.m:599 Starting  upgrade component: MomentsGeneration
2017-05-12 02:24:37.181 (com.apple.moments.processor) RDLibraryUpgradeBaseAction.m:624 Completed upgrade component: MomentsGeneration (0.013363 sec, VM: 2537.4MB RSS: 66.6MB MRSS: 66.6MB) progress: 83/100 (83.00 %)
2017-05-12 02:24:37.279 (com.apple.root.default-qos) RDLibraryUpgradeBaseAction.m:624 Completed upgrade component: RDLibraryUpgrader (0.399370 sec, VM: 2537.4MB RSS: 66.6MB MRSS: 66.6MB) progress: 173/100 (173.00 %)
2017-05-12 02:24:37.279 (com.apple.root.default-qos) RDLibraryUpgrader.m:189 Completed all upgrade components from version 2405 to 2622
